<?xml version="1.0" encoding="UTF-8"?>
<!-- Generated by org.testng.reporters.JUnitReportReporter -->
<testsuite hostname="DESKTOP-25SF6VP" failures="0" tests="4" name="com.tutorials.qa.testcases.RegisterTest" time="115.016" errors="0" timestamp="2023-01-11T18:33:53 IST" skipped="0">
  <testcase classname="com.tutorials.qa.testcases.RegisterTest" name="verifyRegisteringAnAccountWithMandatoryFields" time="15.297"/>
  <system-out/>
  <testcase classname="com.tutorials.qa.testcases.RegisterTest" name="verifyRegisteringAccountByProvidingAllFields" time="65.701"/>
  <system-out/>
  <testcase classname="com.tutorials.qa.testcases.RegisterTest" name="verifyRegisteringAccountWithExistingEmailAddress" time="20.376"/>
  <system-out/>
  <testcase classname="com.tutorials.qa.testcases.RegisterTest" name="verifyRegisteringAccountWithoutFillingAnyDetails" time="13.642"/>
  <system-out/>
</testsuite> <!-- com.tutorials.qa.testcases.RegisterTest -->
