<?xml version="1.0" encoding="UTF-8"?>
<!-- Generated by org.testng.reporters.JUnitReportReporter -->
<testsuite hostname="DESKTOP-25SF6VP" failures="0" tests="3" name="com.tutorials.qa.testcases.SearchTest" time="26.541" errors="0" timestamp="2023-01-11T18:33:53 IST" skipped="0">
  <testcase classname="com.tutorials.qa.testcases.SearchTest" name="verifySearchWithValidProduct" time="10.464"/>
  <system-out/>
  <testcase classname="com.tutorials.qa.testcases.SearchTest" name="verifySearchWithInvalidProduct" time="7.793"/>
  <system-out/>
  <testcase classname="com.tutorials.qa.testcases.SearchTest" name="verifySearchWithoutAnyProduct" time="8.284"/>
  <system-out/>
</testsuite> <!-- com.tutorials.qa.testcases.SearchTest -->
